<?xml version="1.0" encoding="UTF-8"?>
<!-- Generated by org.testng.reporters.JUnitXMLReporter -->
<testsuite ignored="0" hostname="SAI" failures="0" tests="6" name="Test" time="12.816" errors="0" timestamp="2022-07-04T14:27:06 IST">
  <testcase classname="facebook.TestNGpractice" name="testA" time="0.008"/>
  <testcase classname="facebook.TestNGpractice" name="testB" time="0.004"/>
  <testcase classname="facebook.TestNGpractice" name="testC" time="0.008"/>
  <testcase classname="facebook.TestNGpractice" name="testD" time="0.002"/>
  <testcase classname="facebook.VerifyForgotPasswordAndMarathi" name="clickOnForgotPasswordAndProceed" time="2.507"/>
  <testcase classname="facebook.VerifyForgotPasswordAndMarathi" name="changePageLanguageToMarathi" time="1.269"/>
</testsuite> <!-- Test -->
